        -:    0:Source:dominion.c
        -:    0:Graph:dominion.gcno
        -:    0:Data:dominion.gcda
        -:    0:Runs:1
        -:    0:Programs:1
        -:    1:#include "dominion.h"
        -:    2:#include "dominion_helpers.h"
        -:    3:#include "rngs.h"
        -:    4:#include <stdio.h>
        -:    5:#include <math.h>
        -:    6:#include <stdlib.h>
        -:    7:
    #####:    8:int compare(const void* a, const void* b) {
    #####:    9:  if (*(int*)a > *(int*)b)
    #####:   10:    return 1;
    #####:   11:  if (*(int*)a < *(int*)b)
    #####:   12:    return -1;
    #####:   13:  return 0;
        -:   14:}
        -:   15:
    #####:   16:struct gameState* newGame() {
    #####:   17:  struct gameState* g = malloc(sizeof(struct gameState));
    #####:   18:  return g;
        -:   19:}
        -:   20:
    #####:   21:int* kingdomCards(int k1, int k2, int k3, int k4, int k5, int k6, int k7,
        -:   22:                  int k8, int k9, int k10) {
    #####:   23:  int* k = malloc(10 * sizeof(int));
    #####:   24:  k[0] = k1;
    #####:   25:  k[1] = k2;
    #####:   26:  k[2] = k3;
    #####:   27:  k[3] = k4;
    #####:   28:  k[4] = k5;
    #####:   29:  k[5] = k6;
    #####:   30:  k[6] = k7;
    #####:   31:  k[7] = k8;
    #####:   32:  k[8] = k9;
    #####:   33:  k[9] = k10;
    #####:   34:  return k;
        -:   35:}
        -:   36:
        1:   37:int initializeGame(int numPlayers, int kingdomCards[10], int randomSeed,
        -:   38:		   struct gameState *state) {
        -:   39:
        -:   40:  int i;
        -:   41:  int j;
        -:   42:  int it;			
        -:   43:  //set up random number generator
        1:   44:  SelectStream(1);
        1:   45:  PutSeed((long)randomSeed);
        -:   46:  
        -:   47:  //check number of players
        1:   48:  if (numPlayers > MAX_PLAYERS || numPlayers < 2)
        -:   49:  {
        1:   50:    return -1;
        -:   51:  }
        -:   52:
        -:   53:  //set number of players
    #####:   54:  state->numPlayers = numPlayers;
        -:   55:
        -:   56:  //check there are no duplicate kingdom cards
    #####:   57:  for (i = 0; i < 10; i++)
        -:   58:  {
    #####:   59:    for (j = 0; j < 10; j++)
        -:   60:    {
    #####:   61:      if (j != i && kingdomCards[j] == kingdomCards[i])
        -:   62:      {
    #####:   63:        return -1;
        -:   64:      }
        -:   65:    }
        -:   66:  }
        -:   67:
        -:   68:
        -:   69:  //initialize supply
        -:   70:  ///////////////////////////////
        -:   71:
        -:   72:  //set number of Curse cards
    #####:   73:  if (numPlayers == 2)
        -:   74:    {
    #####:   75:      state->supplyCount[curse] = 10;
        -:   76:    }
    #####:   77:  else if (numPlayers == 3)
        -:   78:    {
    #####:   79:      state->supplyCount[curse] = 20;
        -:   80:    }
        -:   81:  else
        -:   82:    {
    #####:   83:      state->supplyCount[curse] = 30;
        -:   84:    }
        -:   85:
        -:   86:  //set number of Victory cards
    #####:   87:  if (numPlayers == 2)
        -:   88:    {
    #####:   89:      state->supplyCount[estate] = 8;
    #####:   90:      state->supplyCount[duchy] = 8;
    #####:   91:      state->supplyCount[province] = 8;
        -:   92:    }
        -:   93:  else
        -:   94:    {
    #####:   95:      state->supplyCount[estate] = 12;
    #####:   96:      state->supplyCount[duchy] = 12;
    #####:   97:      state->supplyCount[province] = 12;
        -:   98:    }
        -:   99:
        -:  100:  //set number of Treasure cards
    #####:  101:  state->supplyCount[copper] = 60 - (7 * numPlayers);
    #####:  102:  state->supplyCount[silver] = 40;
    #####:  103:  state->supplyCount[gold] = 30;
        -:  104:
        -:  105:  //set number of Kingdom cards
    #####:  106:  for (i = adventurer; i <= treasure_map; i++)       	//loop all cards
        -:  107:    {
    #####:  108:      for (j = 0; j < 10; j++)           		//loop chosen cards
        -:  109:	{
    #####:  110:	  if (kingdomCards[j] == i)
        -:  111:	    {
        -:  112:	      //check if card is a 'Victory' Kingdom card
    #####:  113:	      if (kingdomCards[j] == great_hall || kingdomCards[j] == gardens)
        -:  114:		{
    #####:  115:		  if (numPlayers == 2){ 
    #####:  116:		    state->supplyCount[i] = 8; 
        -:  117:		  }
    #####:  118:		  else{ state->supplyCount[i] = 12; }
        -:  119:		}
        -:  120:	      else
        -:  121:		{
    #####:  122:		  state->supplyCount[i] = 10;
        -:  123:		}
    #####:  124:	      break;
        -:  125:	    }
        -:  126:	  else    //card is not in the set choosen for the game
        -:  127:	    {
    #####:  128:	      state->supplyCount[i] = -1;
        -:  129:	    }
        -:  130:	}
        -:  131:
        -:  132:    }
        -:  133:
        -:  134:  ////////////////////////
        -:  135:  //supply intilization complete
        -:  136:
        -:  137:  //set player decks
    #####:  138:  for (i = 0; i < numPlayers; i++)
        -:  139:    {
    #####:  140:      state->deckCount[i] = 0;
    #####:  141:      for (j = 0; j < 3; j++)
        -:  142:	{
    #####:  143:	  state->deck[i][j] = estate;
    #####:  144:	  state->deckCount[i]++;
        -:  145:	}
    #####:  146:      for (j = 3; j < 10; j++)
        -:  147:	{
    #####:  148:	  state->deck[i][j] = copper;
    #####:  149:	  state->deckCount[i]++;		
        -:  150:	}
        -:  151:    }
        -:  152:
        -:  153:  //shuffle player decks
    #####:  154:  for (i = 0; i < numPlayers; i++)
        -:  155:    {
    #####:  156:      if ( shuffle(i, state) < 0 )
        -:  157:	{
    #####:  158:	  return -1;
        -:  159:	}
        -:  160:    }
        -:  161:
        -:  162:  //draw player hands
    #####:  163:  for (i = 0; i < numPlayers; i++)
        -:  164:    {  
        -:  165:      //initialize hand size to zero
    #####:  166:      state->handCount[i] = 0;
    #####:  167:      state->discardCount[i] = 0;
        -:  168:      //draw 5 cards
        -:  169:      // for (j = 0; j < 5; j++)
        -:  170:      //	{
        -:  171:      //	  drawCard(i, state);
        -:  172:      //	}
        -:  173:    }
        -:  174:  
        -:  175:  //set embargo tokens to 0 for all supply piles
    #####:  176:  for (i = 0; i <= treasure_map; i++)
        -:  177:    {
    #####:  178:      state->embargoTokens[i] = 0;
        -:  179:    }
        -:  180:
        -:  181:  //initialize first player's turn
    #####:  182:  state->outpostPlayed = 0;
    #####:  183:  state->phase = 0;
    #####:  184:  state->numActions = 1;
    #####:  185:  state->numBuys = 1;
    #####:  186:  state->playedCardCount = 0;
    #####:  187:  state->whoseTurn = 0;
    #####:  188:  state->handCount[state->whoseTurn] = 0;
        -:  189:  //int it; move to top
        -:  190:
        -:  191:  //Moved draw cards to here, only drawing at the start of a turn
    #####:  192:  for (it = 0; it < 5; it++){
    #####:  193:    drawCard(state->whoseTurn, state);
        -:  194:  }
        -:  195:
    #####:  196:  updateCoins(state->whoseTurn, state, 0);
        -:  197:
    #####:  198:  return 0;
        -:  199:}
        -:  200:
      500:  201:int shuffle(int player, struct gameState *state) {
        -:  202: 
        -:  203:
        -:  204:  int newDeck[MAX_DECK];
      500:  205:  int newDeckPos = 0;
        -:  206:  int card;
        -:  207:  int i;
        -:  208:
      500:  209:  if (state->deckCount[player] < 1)
      500:  210:    return -1;
    #####:  211:  qsort ((void*)(state->deck[player]), state->deckCount[player], sizeof(int), compare); 
        -:  212:  /* SORT CARDS IN DECK TO ENSURE DETERMINISM! */
        -:  213:
    #####:  214:  while (state->deckCount[player] > 0) {
    #####:  215:    card = floor(Random() * state->deckCount[player]);
    #####:  216:    newDeck[newDeckPos] = state->deck[player][card];
    #####:  217:    newDeckPos++;
    #####:  218:    for (i = card; i < state->deckCount[player]-1; i++) {
    #####:  219:      state->deck[player][i] = state->deck[player][i+1];
        -:  220:    }
    #####:  221:    state->deckCount[player]--;
        -:  222:  }
    #####:  223:  for (i = 0; i < newDeckPos; i++) {
    #####:  224:    state->deck[player][i] = newDeck[i];
    #####:  225:    state->deckCount[player]++;
        -:  226:  }
        -:  227:
    #####:  228:  return 0;
        -:  229:}
        -:  230:
      100:  231:int playCard(int handPos, int choice1, int choice2, int choice3, struct gameState *state) 
        -:  232:{	
        -:  233:  int card;
      100:  234:  int coin_bonus = 0; 		//tracks coins gain from actions
        -:  235:
        -:  236:  //check if it is the right phase
      100:  237:  if (state->phase != 0)
        -:  238:    {
    #####:  239:      return -1;
        -:  240:    }
        -:  241:	
        -:  242:  //check if player has enough actions
      100:  243:  if ( state->numActions < 1 )
        -:  244:    {
        1:  245:      return -1;
        -:  246:    }
        -:  247:	
        -:  248:  //get card played
       99:  249:  card = handCard(handPos, state);
        -:  250:	
        -:  251:  //check if selected card is an action
       99:  252:  if ( card < adventurer || card > treasure_map )
        -:  253:    {
    #####:  254:      return -1;
        -:  255:    }
        -:  256:	
        -:  257:  //play card
       99:  258:  if ( cardEffect(card, choice1, choice2, choice3, state, handPos, &coin_bonus) < 0 )
        -:  259:    {
    #####:  260:      return -1;
        -:  261:    }
        -:  262:	
        -:  263:  //reduce number of actions
       99:  264:  state->numActions--;
        -:  265:
        -:  266:  //update coins (Treasure cards may be added with card draws)
       99:  267:  updateCoins(state->whoseTurn, state, coin_bonus);
        -:  268:	
       99:  269:  return 0;
        -:  270:}
        -:  271:
    #####:  272:int buyCard(int supplyPos, struct gameState *state) {
        -:  273:  int who;
        -:  274:  if (DEBUG){
        -:  275:    printf("Entering buyCard...\n");
        -:  276:  }
        -:  277:
        -:  278:  // I don't know what to do about the phase thing.
        -:  279:
    #####:  280:  who = state->whoseTurn;
        -:  281:
    #####:  282:  if (state->numBuys < 1){
        -:  283:    if (DEBUG)
        -:  284:      printf("You do not have any buys left\n");
    #####:  285:    return -1;
    #####:  286:  } else if (supplyCount(supplyPos, state) <1){
        -:  287:    if (DEBUG)
        -:  288:      printf("There are not any of that type of card left\n");
    #####:  289:    return -1;
    #####:  290:  } else if (state->coins < getCost(supplyPos)){
        -:  291:    if (DEBUG) 
        -:  292:      printf("You do not have enough money to buy that. You have %d coins.\n", state->coins);
    #####:  293:    return -1;
        -:  294:  } else {
    #####:  295:    state->phase=1;
        -:  296:    //state->supplyCount[supplyPos]--;
    #####:  297:    gainCard(supplyPos, state, 0, who); //card goes in discard, this might be wrong.. (2 means goes into hand, 0 goes into discard)
        -:  298:  
    #####:  299:    state->coins = (state->coins) - (getCost(supplyPos));
    #####:  300:    state->numBuys--;
        -:  301:    if (DEBUG)
        -:  302:      printf("You bought card number %d for %d coins. You now have %d buys and %d coins.\n", supplyPos, getCost(supplyPos), state->numBuys, state->coins);
        -:  303:  }
        -:  304:
        -:  305:  //state->discard[who][state->discardCount[who]] = supplyPos;
        -:  306:  //state->discardCount[who]++;
        -:  307:    
    #####:  308:  return 0;
        -:  309:}
        -:  310:
    #####:  311:int numHandCards(struct gameState *state) {
    #####:  312:  return state->handCount[ whoseTurn(state) ];
        -:  313:}
        -:  314:
       99:  315:int handCard(int handPos, struct gameState *state) {
       99:  316:  int currentPlayer = whoseTurn(state);
       99:  317:  return state->hand[currentPlayer][handPos];
        -:  318:}
        -:  319:
    #####:  320:int supplyCount(int card, struct gameState *state) {
    #####:  321:  return state->supplyCount[card];
        -:  322:}
        -:  323:
    #####:  324:int fullDeckCount(int player, int card, struct gameState *state) {
        -:  325:  int i;
    #####:  326:  int count = 0;
        -:  327:
    #####:  328:  for (i = 0; i < state->deckCount[player]; i++)
        -:  329:    {
    #####:  330:      if (state->deck[player][i] == card) count++;
        -:  331:    }
        -:  332:
    #####:  333:  for (i = 0; i < state->handCount[player]; i++)
        -:  334:    {
    #####:  335:      if (state->hand[player][i] == card) count++;
        -:  336:    }
        -:  337:
    #####:  338:  for (i = 0; i < state->discardCount[player]; i++)
        -:  339:    {
    #####:  340:      if (state->discard[player][i] == card) count++;
        -:  341:    }
        -:  342:
    #####:  343:  return count;
        -:  344:}
        -:  345:
      398:  346:int whoseTurn(struct gameState *state) {
      398:  347:  return state->whoseTurn;
        -:  348:}
        -:  349:
      100:  350:int endTurn(struct gameState *state) {
        -:  351:  int k;
        -:  352:  int i;
      100:  353:  int currentPlayer = whoseTurn(state);
        -:  354:  
        -:  355:  //Discard hand
      100:  356:  for (i = 0; i < state->handCount[currentPlayer]; i++){
    #####:  357:    state->discard[currentPlayer][state->discardCount[currentPlayer]++] = state->hand[currentPlayer][i];//Discard
    #####:  358:    state->hand[currentPlayer][i] = -1;//Set card to -1
        -:  359:  }
      100:  360:  state->handCount[currentPlayer] = 0;//Reset hand count
        -:  361:    
        -:  362:  //Code for determining the player
      100:  363:  if (currentPlayer < (state->numPlayers - 1)){ 
    #####:  364:    state->whoseTurn = currentPlayer + 1;//Still safe to increment
        -:  365:  }
        -:  366:  else{
      100:  367:    state->whoseTurn = 0;//Max player has been reached, loop back around to player 1
        -:  368:  }
        -:  369:
      100:  370:  state->outpostPlayed = 0;
      100:  371:  state->phase = 0;
      100:  372:  state->numActions = 1;
      100:  373:  state->coins = 0;
      100:  374:  state->numBuys = 1;
      100:  375:  state->playedCardCount = 0;
      100:  376:  state->handCount[state->whoseTurn] = 0;
        -:  377:
        -:  378:  //int k; move to top
        -:  379:  //Next player draws hand
      600:  380:  for (k = 0; k < 5; k++){
      500:  381:    drawCard(state->whoseTurn, state);//Draw a card
        -:  382:  }
        -:  383:
        -:  384:  //Update money
      100:  385:  updateCoins(state->whoseTurn, state , 0);
        -:  386:
      100:  387:  return 0;
        -:  388:}
        -:  389:
    #####:  390:int isGameOver(struct gameState *state) {
        -:  391:  int i;
        -:  392:  int j;
        -:  393:	
        -:  394:  //if stack of Province cards is empty, the game ends
    #####:  395:  if (state->supplyCount[province] == 0)
        -:  396:    {
    #####:  397:      return 1;
        -:  398:    }
        -:  399:
        -:  400:  //if three supply pile are at 0, the game ends
    #####:  401:  j = 0;
    #####:  402:  for (i = 0; i < 25; i++)
        -:  403:    {
    #####:  404:      if (state->supplyCount[i] == 0)
        -:  405:	{
    #####:  406:	  j++;
        -:  407:	}
        -:  408:    }
    #####:  409:  if ( j >= 3)
        -:  410:    {
    #####:  411:      return 1;
        -:  412:    }
        -:  413:
    #####:  414:  return 0;
        -:  415:}
        -:  416:
    #####:  417:int scoreFor (int player, struct gameState *state) {
        -:  418:
        -:  419:  int i;
    #####:  420:  int score = 0;
        -:  421:  //score from hand
    #####:  422:  for (i = 0; i < state->handCount[player]; i++)
        -:  423:    {
    #####:  424:      if (state->hand[player][i] == curse) { score = score - 1; };
    #####:  425:      if (state->hand[player][i] == estate) { score = score + 1; };
    #####:  426:      if (state->hand[player][i] == duchy) { score = score + 3; };
    #####:  427:      if (state->hand[player][i] == province) { score = score + 6; };
    #####:  428:      if (state->hand[player][i] == great_hall) { score = score + 1; };
    #####:  429:      if (state->hand[player][i] == gardens) { score = score + ( fullDeckCount(player, 0, state) / 10 ); };
        -:  430:    }
        -:  431:
        -:  432:  //score from discard
    #####:  433:  for (i = 0; i < state->discardCount[player]; i++)
        -:  434:    {
    #####:  435:      if (state->discard[player][i] == curse) { score = score - 1; };
    #####:  436:      if (state->discard[player][i] == estate) { score = score + 1; };
    #####:  437:      if (state->discard[player][i] == duchy) { score = score + 3; };
    #####:  438:      if (state->discard[player][i] == province) { score = score + 6; };
    #####:  439:      if (state->discard[player][i] == great_hall) { score = score + 1; };
    #####:  440:      if (state->discard[player][i] == gardens) { score = score + ( fullDeckCount(player, 0, state) / 10 ); };
        -:  441:    }
        -:  442:
        -:  443:  //score from deck
    #####:  444:  for (i = 0; i < state->discardCount[player]; i++)
        -:  445:    {
    #####:  446:      if (state->deck[player][i] == curse) { score = score - 1; };
    #####:  447:      if (state->deck[player][i] == estate) { score = score + 1; };
    #####:  448:      if (state->deck[player][i] == duchy) { score = score + 3; };
    #####:  449:      if (state->deck[player][i] == province) { score = score + 6; };
    #####:  450:      if (state->deck[player][i] == great_hall) { score = score + 1; };
    #####:  451:      if (state->deck[player][i] == gardens) { score = score + ( fullDeckCount(player, 0, state) / 10 ); };
        -:  452:    }
        -:  453:
    #####:  454:  return score;
        -:  455:}
        -:  456:
    #####:  457:int getWinners(int players[MAX_PLAYERS], struct gameState *state) {
        -:  458:  int i;	
        -:  459:  int j;
        -:  460:  int highScore;
        -:  461:  int currentPlayer;
        -:  462:
        -:  463:  //get score for each player
    #####:  464:  for (i = 0; i < MAX_PLAYERS; i++)
        -:  465:    {
        -:  466:      //set unused player scores to -9999
    #####:  467:      if (i >= state->numPlayers)
        -:  468:	{
    #####:  469:	  players[i] = -9999;
        -:  470:	}
        -:  471:      else
        -:  472:	{
    #####:  473:	  players[i] = scoreFor (i, state);
        -:  474:	}
        -:  475:    }
        -:  476:
        -:  477:  //find highest score
    #####:  478:  j = 0;
    #####:  479:  for (i = 0; i < MAX_PLAYERS; i++)
        -:  480:    {
    #####:  481:      if (players[i] > players[j])
        -:  482:	{
    #####:  483:	  j = i;
        -:  484:	}
        -:  485:    }
    #####:  486:  highScore = players[j];
        -:  487:
        -:  488:  //add 1 to players who had less turns
    #####:  489:  currentPlayer = whoseTurn(state);
    #####:  490:  for (i = 0; i < MAX_PLAYERS; i++)
        -:  491:    {
    #####:  492:      if ( players[i] == highScore && i > currentPlayer )
        -:  493:	{
    #####:  494:	  players[i]++;
        -:  495:	}
        -:  496:    }
        -:  497:
        -:  498:  //find new highest score
    #####:  499:  j = 0;
    #####:  500:  for (i = 0; i < MAX_PLAYERS; i++)
        -:  501:    {
    #####:  502:      if ( players[i] > players[j] )
        -:  503:	{
    #####:  504:	  j = i;
        -:  505:	}
        -:  506:    }
    #####:  507:  highScore = players[j];
        -:  508:
        -:  509:  //set winners in array to 1 and rest to 0
    #####:  510:  for (i = 0; i < MAX_PLAYERS; i++)
        -:  511:    {
    #####:  512:      if ( players[i] == highScore )
        -:  513:	{
    #####:  514:	  players[i] = 1;
        -:  515:	}
        -:  516:      else
        -:  517:	{
    #####:  518:	  players[i] = 0;
        -:  519:	}
        -:  520:    }
        -:  521:
    #####:  522:  return 0;
        -:  523:}
        -:  524:
      500:  525:int drawCard(int player, struct gameState *state)
        -:  526:{	int count;
        -:  527:  int deckCounter;
      500:  528:  if (state->deckCount[player] <= 0){//Deck is empty
        -:  529:    
        -:  530:    //Step 1 Shuffle the discard pile back into a deck
        -:  531:    int i;
        -:  532:    //Move discard to deck
      500:  533:    for (i = 0; i < state->discardCount[player];i++){
    #####:  534:      state->deck[player][i] = state->discard[player][i];
    #####:  535:      state->discard[player][i] = -1;
        -:  536:    }
        -:  537:
      500:  538:    state->deckCount[player] = state->discardCount[player];
      500:  539:    state->discardCount[player] = 0;//Reset discard
        -:  540:
        -:  541:    //Shuffle the deck
      500:  542:    shuffle(player, state);//Shuffle the deck up and make it so that we can draw
        -:  543:   
        -:  544:    if (DEBUG){//Debug statements
        -:  545:      printf("Deck count now: %d\n", state->deckCount[player]);
        -:  546:    }
        -:  547:    
      500:  548:    state->discardCount[player] = 0;
        -:  549:
        -:  550:    //Step 2 Draw Card
      500:  551:    count = state->handCount[player];//Get current player's hand count
        -:  552:    
        -:  553:    if (DEBUG){//Debug statements
        -:  554:      printf("Current hand count: %d\n", count);
        -:  555:    }
        -:  556:    
      500:  557:    deckCounter = state->deckCount[player];//Create a holder for the deck count
        -:  558:
      500:  559:    if (deckCounter == 0)
      500:  560:      return -1;
        -:  561:
    #####:  562:    state->hand[player][count] = state->deck[player][deckCounter - 1];//Add card to hand
    #####:  563:    state->deckCount[player]--;
    #####:  564:    state->handCount[player]++;//Increment hand count
        -:  565:  }
        -:  566:
        -:  567:  else{
    #####:  568:    int count = state->handCount[player];//Get current hand count for player
        -:  569:    int deckCounter;
        -:  570:    if (DEBUG){//Debug statements
        -:  571:      printf("Current hand count: %d\n", count);
        -:  572:    }
        -:  573:
    #####:  574:    deckCounter = state->deckCount[player];//Create holder for the deck count
    #####:  575:    state->hand[player][count] = state->deck[player][deckCounter - 1];//Add card to the hand
    #####:  576:    state->deckCount[player]--;
    #####:  577:    state->handCount[player]++;//Increment hand count
        -:  578:  }
        -:  579:
    #####:  580:  return 0;
        -:  581:}
        -:  582:
    #####:  583:int getCost(int cardNumber)
        -:  584:{
    #####:  585:  switch( cardNumber ) 
        -:  586:    {
        -:  587:    case curse:
    #####:  588:      return 0;
        -:  589:    case estate:
    #####:  590:      return 2;
        -:  591:    case duchy:
    #####:  592:      return 5;
        -:  593:    case province:
    #####:  594:      return 8;
        -:  595:    case copper:
    #####:  596:      return 0;
        -:  597:    case silver:
    #####:  598:      return 3;
        -:  599:    case gold:
    #####:  600:      return 6;
        -:  601:    case adventurer:
    #####:  602:      return 6;
        -:  603:    case council_room:
    #####:  604:      return 5;
        -:  605:    case feast:
    #####:  606:      return 4;
        -:  607:    case gardens:
    #####:  608:      return 4;
        -:  609:    case mine:
    #####:  610:      return 5;
        -:  611:    case remodel:
    #####:  612:      return 4;
        -:  613:    case smithy:
    #####:  614:      return 4;
        -:  615:    case village:
    #####:  616:      return 3;
        -:  617:    case baron:
    #####:  618:      return 4;
        -:  619:    case great_hall:
    #####:  620:      return 3;
        -:  621:    case minion:
    #####:  622:      return 5;
        -:  623:    case steward:
    #####:  624:      return 3;
        -:  625:    case tribute:
    #####:  626:      return 5;
        -:  627:    case ambassador:
    #####:  628:      return 3;
        -:  629:    case cutpurse:
    #####:  630:      return 4;
        -:  631:    case embargo: 
    #####:  632:      return 2;
        -:  633:    case outpost:
    #####:  634:      return 5;
        -:  635:    case salvager:
    #####:  636:      return 4;
        -:  637:    case sea_hag:
    #####:  638:      return 4;
        -:  639:    case treasure_map:
    #####:  640:      return 4;
        -:  641:    }
        -:  642:	
    #####:  643:  return -1;
        -:  644:}
        -:  645:
    #####:  646:int feastEffect(int choice1, int currentPlayer, struct gameState *state) {
        -:  647:    int temphand[MAX_HAND];
        -:  648:    //gain card with cost up to 5
        -:  649:    //Backup hand
    #####:  650:    for (int i = 0; i <= state->handCount[currentPlayer]; i--){
    #####:  651:        temphand[i] = state->hand[currentPlayer][i];//Backup card
    #####:  652:        state->hand[currentPlayer][i] = -1;//Set to nothing
        -:  653:    }
        -:  654:    //Backup hand
        -:  655:
        -:  656:    //Update Coins for Buy
    #####:  657:    updateCoins(currentPlayer, state, 5);
    #####:  658:    int x = 1;//Condition to loop on
    #####:  659:    while(x == 1) {//Buy one card
    #####:  660:        if (supplyCount(choice1, state) <= 0){
        -:  661:            if (DEBUG)
        -:  662:                printf("None of that card left, sorry!\n");
        -:  663:
        -:  664:            if (DEBUG){
        -:  665:                printf("Cards Left: %d\n", supplyCount(choice1, state));
        -:  666:            }
        -:  667:        }
    #####:  668:        else if (state->coins < getCost(choice1)){
    #####:  669:            printf("That card is too expensive!\n");
        -:  670:
        -:  671:            if (DEBUG){
        -:  672:                printf("Coins: %d < %d\n", state->coins, getCost(choice1));
        -:  673:            }
        -:  674:        }
        -:  675:        else{
        -:  676:
        -:  677:            if (DEBUG){
        -:  678:                printf("Deck Count: %d\n", state->handCount[currentPlayer] + state->deckCount[currentPlayer] + state->discardCount[currentPlayer]);
        -:  679:            }
        -:  680:
    #####:  681:            gainCard(choice1, state, 0, currentPlayer);//Gain the card
    #####:  682:            x = 0;//No more buying cards
        -:  683:
        -:  684:            if (DEBUG){
        -:  685:                printf("Deck Count: %d\n", state->handCount[currentPlayer] + state->deckCount[currentPlayer] + state->discardCount[currentPlayer]);
        -:  686:            }
        -:  687:
        -:  688:        }
        -:  689:    }
        -:  690:
        -:  691:    //Reset Hand
    #####:  692:    for (int i = 0; i <= state->handCount[currentPlayer]; i++){
    #####:  693:        state->hand[currentPlayer][i] = temphand[i];
    #####:  694:        temphand[i] = -1;
        -:  695:    }
        -:  696:    //Reset Hand
        -:  697:
    #####:  698:    return 0;
        -:  699:}
        -:  700:
    #####:  701:int baronEffect(int choice1, int currentPlayer, struct gameState *state) {
    #####:  702:    state->numBuys++;
    #####:  703:    if (choice1 > 0){//Boolean true or going to discard an estate
    #####:  704:        int p = 0;//Iterator for hand!
    #####:  705:        int card_not_discarded = 1;//Flag for discard set!
    #####:  706:        while(card_not_discarded){
    #####:  707:            if (state->hand[currentPlayer][p] == estate){//Found an estate card!
    #####:  708:                state->coins += 4;//Add 4 coins to the amount of coins
    #####:  709:                state->discard[currentPlayer][state->discardCount[currentPlayer]] = state->hand[currentPlayer][p];
    #####:  710:                state->discardCount[currentPlayer]++;
    #####:  711:                for (;p < state->handCount[currentPlayer]; p++){
    #####:  712:                    state->hand[currentPlayer][p] = state->hand[currentPlayer][p+1];
        -:  713:                }
    #####:  714:                state->hand[currentPlayer][state->handCount[currentPlayer]] = -1;
    #####:  715:                state->handCount[currentPlayer]--;
    #####:  716:                card_not_discarded = 0;//Exit the loop
        -:  717:            }
    #####:  718:            else if (p > state->handCount[currentPlayer]){
        -:  719:                if(DEBUG) {
        -:  720:                    printf("No estate cards in your hand, invalid choice\n");
        -:  721:                    printf("Must gain an estate if there are any\n");
        -:  722:                }
    #####:  723:                if (supplyCount(estate, state) > 0){
    #####:  724:                    gainCard(estate, state, 0, currentPlayer);
    #####:  725:                    state->supplyCount[estate]--;//Decrement estates
    #####:  726:                    if (supplyCount(estate, state) == 0){
    #####:  727:                        isGameOver(state);
        -:  728:                    }
        -:  729:                }
    #####:  730:                card_not_discarded = 0;//Exit the loop
        -:  731:            }
        -:  732:
        -:  733:            else{
    #####:  734:                p++;//Next card
        -:  735:            }
        -:  736:        }
        -:  737:    }
        -:  738:
        -:  739:    else{
    #####:  740:        if (supplyCount(estate, state) > 0){
    #####:  741:            gainCard(estate, state, 0, currentPlayer);//Gain an estate
    #####:  742:            state->supplyCount[estate]--;//Decrement Estates
    #####:  743:            if (supplyCount(estate, state) == 0){
    #####:  744:                isGameOver(state);
        -:  745:            }
        -:  746:        }
        -:  747:    }
        -:  748:
        -:  749:
    #####:  750:    return 0;
        -:  751:}
        -:  752:
    #####:  753:int tributeEffect(int currentPlayer, int nextPlayer, struct gameState *state) {
    #####:  754:    int tributeRevealedCards[2] = {-1, -1};
        -:  755:
    #####:  756:    if ((state->discardCount[nextPlayer] + state->deckCount[nextPlayer]) <= 1){
    #####:  757:        if (state->deckCount[nextPlayer] > 0){
    #####:  758:            tributeRevealedCards[0] = state->deck[nextPlayer][state->deckCount[nextPlayer]-1];
    #####:  759:            state->deckCount[nextPlayer]--;
        -:  760:        }
    #####:  761:        else if (state->discardCount[nextPlayer] > 0){
    #####:  762:            tributeRevealedCards[0] = state->discard[nextPlayer][state->discardCount[nextPlayer]-1];
    #####:  763:            state->discardCount[nextPlayer]--;
        -:  764:        }
        -:  765:        else{
        -:  766:            //No Card to Reveal
        -:  767:            if (DEBUG){
        -:  768:                printf("No cards to reveal\n");
        -:  769:            }
        -:  770:        }
        -:  771:    }
        -:  772:
        -:  773:    else{
    #####:  774:        if (state->deckCount[nextPlayer] == 0){
    #####:  775:            for (int i = 0; i < state->discardCount[nextPlayer]; i++){
    #####:  776:                state->deck[nextPlayer][i] = state->discard[nextPlayer][i];//Move to deck
    #####:  777:                state->deckCount[nextPlayer]++;
    #####:  778:                state->discard[nextPlayer][i] = -1;
    #####:  779:                state->discardCount[nextPlayer]--;
        -:  780:            }
        -:  781:
    #####:  782:            shuffle(nextPlayer,state);//Shuffle the deck
        -:  783:        }
    #####:  784:        tributeRevealedCards[0] = state->deck[nextPlayer][state->deckCount[nextPlayer]-1];
    #####:  785:        state->deck[nextPlayer][state->deckCount[nextPlayer]--] = -1;
    #####:  786:        state->deckCount[nextPlayer]--;
    #####:  787:        tributeRevealedCards[1] = state->deck[nextPlayer][state->deckCount[nextPlayer]-1];
    #####:  788:        state->deck[nextPlayer][state->deckCount[nextPlayer]--] = -1;
    #####:  789:        state->deckCount[nextPlayer]--;
        -:  790:    }
        -:  791:
    #####:  792:    if (tributeRevealedCards[0] == tributeRevealedCards[1]){//If we have a duplicate card, just drop one
    #####:  793:        state->playedCards[state->playedCardCount] = tributeRevealedCards[1];
    #####:  794:        state->playedCardCount++;
    #####:  795:        tributeRevealedCards[1] = -1;
        -:  796:    }
        -:  797:
    #####:  798:    for (int i = 0; i <= 2; i ++){
    #####:  799:        if (tributeRevealedCards[i] == copper || tributeRevealedCards[i] == silver || tributeRevealedCards[i] == gold){//Treasure cards
    #####:  800:            state->coins += 2;
        -:  801:        }
        -:  802:
    #####:  803:        else if (tributeRevealedCards[i] == estate || tributeRevealedCards[i] == duchy || tributeRevealedCards[i] == province || tributeRevealedCards[i] == gardens || tributeRevealedCards[i] == great_hall){//Victory Card Found
    #####:  804:            drawCard(currentPlayer, state);
    #####:  805:            drawCard(currentPlayer, state);
        -:  806:        }
        -:  807:        else{//Action Card
    #####:  808:            state->numActions = state->numActions + 2;
        -:  809:        }
        -:  810:    }
        -:  811:
    #####:  812:    return 0;
        -:  813:}
        -:  814:
    #####:  815:int ambassadorEffect(int choice1, int choice2, int handPos, int currentPlayer, struct gameState *state) {
    #####:  816:    int j = 0;		//used to check if player has enough cards to discard
        -:  817:
    #####:  818:    if (choice2 > 2 || choice2 < 0)
        -:  819:    {
    #####:  820:        return -1;
        -:  821:    }
        -:  822:
    #####:  823:    if (choice1 == handPos)
        -:  824:    {
    #####:  825:        return -1;
        -:  826:    }
        -:  827:
    #####:  828:    for (int i = 0; i < state->handCount[currentPlayer]; i++)
        -:  829:    {
    #####:  830:        if (i != handPos && i == state->hand[currentPlayer][choice1] && i != choice1)
        -:  831:        {
    #####:  832:            j++;
        -:  833:        }
        -:  834:    }
    #####:  835:    if (j < choice2)
        -:  836:    {
    #####:  837:        return -1;
        -:  838:    }
        -:  839:
        -:  840:    if (DEBUG)
        -:  841:        printf("Player %d reveals card number: %d\n", currentPlayer, state->hand[currentPlayer][choice1]);
        -:  842:
        -:  843:    //increase supply count for choosen card by amount being discarded
    #####:  844:    state->supplyCount[state->hand[currentPlayer][choice1]] += choice2;
        -:  845:
        -:  846:    //each other player gains a copy of revealed card
    #####:  847:    for (int i = 0; i < state->numPlayers; i++)
        -:  848:    {
    #####:  849:        if (i != currentPlayer)
        -:  850:        {
    #####:  851:            gainCard(state->hand[currentPlayer][choice1], state, 0, i);
        -:  852:        }
        -:  853:    }
        -:  854:
        -:  855:    //discard played card from hand
    #####:  856:    discardCard(0, currentPlayer, state, 0);
        -:  857:
        -:  858:    //trash copies of cards returned to supply
    #####:  859:    for (j = 0; j < choice2; j++)
        -:  860:    {
    #####:  861:        for (int i = 0; i < state->handCount[currentPlayer]; i++)
        -:  862:        {
    #####:  863:            if (state->hand[currentPlayer][i] == state->hand[currentPlayer][choice1])
        -:  864:            {
    #####:  865:                discardCard(i, currentPlayer, state, 1);
    #####:  866:                break;
        -:  867:            }
        -:  868:        }
        -:  869:    }
        -:  870:
    #####:  871:    return 0;
        -:  872:}
        -:  873:
    #####:  874:int cutpurseEffect(int currentPlayer, int handPos, struct gameState *state) {
    #####:  875:    updateCoins(currentPlayer, state, 2);
    #####:  876:    for (int i = 0; i < state->numPlayers; i++)
        -:  877:    {
    #####:  878:        if (i != currentPlayer)
        -:  879:        {
    #####:  880:            for (int j = 0; j < state->handCount[i]; j++)
        -:  881:            {
    #####:  882:                if (state->hand[i][j] == copper)
        -:  883:                {
    #####:  884:                    discardCard(j, i, state, 0);
    #####:  885:                    break;
        -:  886:                }
    #####:  887:                if (j == state->handCount[i])
        -:  888:                {
    #####:  889:                    for (int k = 0; k < state->handCount[i]; k++)
        -:  890:                    {
        -:  891:                        if (DEBUG)
        -:  892:                            printf("Player %d reveals card number %d\n", i, state->hand[i][k]);
        -:  893:                    }
    #####:  894:                    break;
        -:  895:                }
        -:  896:            }
        -:  897:
        -:  898:        }
        -:  899:
        -:  900:    }
        -:  901:
        -:  902:    //discard played card from hand
    #####:  903:    discardCard(handPos, currentPlayer, state, 0);
        -:  904:
    #####:  905:    return 0;
        -:  906:}
        -:  907:
       99:  908:int cardEffect(int card, int choice1, int choice2, int choice3, struct gameState *state, int handPos, int *bonus)
        -:  909:{
        -:  910:  int i;
        -:  911:  int j;
        -:  912:  int k;
        -:  913:  int index;
       99:  914:  int currentPlayer = whoseTurn(state);
       99:  915:  int nextPlayer = currentPlayer + 1;
        -:  916:
        -:  917:  int temphand[MAX_HAND];// moved above the if statement
       99:  918:  int drawntreasure=0;
        -:  919:  int cardDrawn;
       99:  920:  int z = 0;// this is the counter for the temp hand
       99:  921:  if (nextPlayer > (state->numPlayers - 1)){
       99:  922:    nextPlayer = 0;
        -:  923:  }
        -:  924:  
        -:  925:	
        -:  926:  // uses switch to select card and perform actions
       99:  927:  switch (card) {
        -:  928:    case adventurer:
    #####:  929:      while (drawntreasure < 2) {
        -:  930:        // if the deck is empty we need to shuffle discard and add to deck
    #####:  931:        if (state->deckCount[currentPlayer] < 1) {
    #####:  932:          shuffle(currentPlayer, state);
        -:  933:        }
    #####:  934:        drawCard(currentPlayer, state);
        -:  935:
        -:  936:        // top card of hand is most recently drawn card.
    #####:  937:        cardDrawn = state->hand[currentPlayer][state->handCount[currentPlayer]-1];
    #####:  938:        if (cardDrawn == copper || cardDrawn == silver || cardDrawn == gold) {
    #####:  939:          drawntreasure++;
        -:  940:        } else {
    #####:  941:          temphand[z]=cardDrawn;
        -:  942:          // this should just remove the top card (the most recently drawn one).
    #####:  943:          state->handCount[currentPlayer]--;
    #####:  944:          z++;
        -:  945:        }
        -:  946:      }
    #####:  947:      while (z - 1 >= 0) {
        -:  948:        // discard all cards in play that have been drawn
    #####:  949:        state->discard[currentPlayer][state->discardCount[currentPlayer]++] = temphand[z-1];
    #####:  950:        z=z-1;
        -:  951:      }
    #####:  952:      return 0;
        -:  953:			
        -:  954:    case council_room:
        -:  955:      //+4 Cards
    #####:  956:      for (i = 0; i < 4; i++)
        -:  957:	{
    #####:  958:	  drawCard(currentPlayer, state);
        -:  959:	}
        -:  960:			
        -:  961:      //+1 Buy
    #####:  962:      state->numBuys++;
        -:  963:			
        -:  964:      //Each other player draws a card
    #####:  965:      for (i = 0; i < state->numPlayers; i++)
        -:  966:	{
    #####:  967:	  if ( i != currentPlayer )
        -:  968:	    {
    #####:  969:	      drawCard(i, state);
        -:  970:	    }
        -:  971:	}
        -:  972:			
        -:  973:      //put played card in played card pile
    #####:  974:      discardCard(handPos, currentPlayer, state, 0);
        -:  975:			
    #####:  976:      return 0;
        -:  977:			
        -:  978:    case feast:
    #####:  979:      return feastEffect(choice1, currentPlayer, state);
        -:  980:			
        -:  981:    case gardens:
    #####:  982:      return -1;
        -:  983:			
        -:  984:    case mine:
    #####:  985:      j = state->hand[currentPlayer][choice1];  //store card we will trash
        -:  986:
    #####:  987:      if (state->hand[currentPlayer][choice1] < copper || state->hand[currentPlayer][choice1] > gold)
        -:  988:	{
    #####:  989:	  return -1;
        -:  990:	}
        -:  991:		
    #####:  992:      if (choice2 > treasure_map || choice2 < curse)
        -:  993:	{
    #####:  994:	  return -1;
        -:  995:	}
        -:  996:
    #####:  997:      if ( (getCost(state->hand[currentPlayer][choice1]) + 3) > getCost(choice2) )
        -:  998:	{
    #####:  999:	  return -1;
        -: 1000:	}
        -: 1001:
    #####: 1002:      gainCard(choice2, state, 2, currentPlayer);
        -: 1003:
        -: 1004:      //discard card from hand
    #####: 1005:      discardCard(handPos, currentPlayer, state, 0);
        -: 1006:
        -: 1007:      //discard trashed card
    #####: 1008:      for (i = 0; i < state->handCount[currentPlayer]; i++)
        -: 1009:	{
    #####: 1010:	  if (state->hand[currentPlayer][i] == j)
        -: 1011:	    {
    #####: 1012:	      discardCard(i, currentPlayer, state, 0);			
    #####: 1013:	      break;
        -: 1014:	    }
        -: 1015:	}
        -: 1016:			
    #####: 1017:      return 0;
        -: 1018:			
        -: 1019:    case remodel:
    #####: 1020:      j = state->hand[currentPlayer][choice1];  //store card we will trash
        -: 1021:
    #####: 1022:      if ( (getCost(state->hand[currentPlayer][choice1]) + 2) > getCost(choice2) )
        -: 1023:	{
    #####: 1024:	  return -1;
        -: 1025:	}
        -: 1026:
    #####: 1027:      gainCard(choice2, state, 0, currentPlayer);
        -: 1028:
        -: 1029:      //discard card from hand
    #####: 1030:      discardCard(handPos, currentPlayer, state, 0);
        -: 1031:
        -: 1032:      //discard trashed card
    #####: 1033:      for (i = 0; i < state->handCount[currentPlayer]; i++)
        -: 1034:	{
    #####: 1035:	  if (state->hand[currentPlayer][i] == j)
        -: 1036:	    {
    #####: 1037:	      discardCard(i, currentPlayer, state, 0);			
    #####: 1038:	      break;
        -: 1039:	    }
        -: 1040:	}
        -: 1041:
        -: 1042:
    #####: 1043:      return 0;
        -: 1044:		
        -: 1045:    case smithy:
        -: 1046:      //+3 Cards
    #####: 1047:      for (i = 0; i < 3; i++)
        -: 1048:	{
    #####: 1049:	  drawCard(currentPlayer, state);
        -: 1050:	}
        -: 1051:			
        -: 1052:      //discard card from hand
    #####: 1053:      discardCard(handPos, currentPlayer, state, 0);
    #####: 1054:      return 0;
        -: 1055:		
        -: 1056:    case village:
        -: 1057:      //+1 Card
    #####: 1058:      drawCard(currentPlayer, state);
        -: 1059:			
        -: 1060:      //+2 Actions
    #####: 1061:      state->numActions = state->numActions + 2;
        -: 1062:			
        -: 1063:      //discard played card from hand
    #####: 1064:      discardCard(handPos, currentPlayer, state, 0);
    #####: 1065:      return 0;
        -: 1066:		
        -: 1067:    case baron:
    #####: 1068:        return baronEffect(choice1, currentPlayer, state);
        -: 1069:		
        -: 1070:    case great_hall:
        -: 1071:      //+1 Card
    #####: 1072:      drawCard(currentPlayer, state);
        -: 1073:			
        -: 1074:      //+1 Actions
    #####: 1075:      state->numActions++;
        -: 1076:			
        -: 1077:      //discard card from hand
    #####: 1078:      discardCard(handPos, currentPlayer, state, 0);
    #####: 1079:      return 0;
        -: 1080:		
        -: 1081:    case minion:
        -: 1082:      //+1 action
       99: 1083:      state->numActions++;
        -: 1084:			
        -: 1085:      //discard card from hand
       99: 1086:      discardCard(handPos, currentPlayer, state, 0);
        -: 1087:			
       99: 1088:      if (choice1)		//+2 coins
        -: 1089:	{
       99: 1090:	  state->coins = state->coins + 2;
        -: 1091:	}
        -: 1092:			
    #####: 1093:      else if (choice2)		//discard hand, redraw 4, other players with 5+ cards discard hand and draw 4
        -: 1094:	{
        -: 1095:	  //discard hand
    #####: 1096:	  while(numHandCards(state) > 0)
        -: 1097:	    {
    #####: 1098:	      discardCard(handPos, currentPlayer, state, 0);
        -: 1099:	    }
        -: 1100:				
        -: 1101:	  //draw 4
    #####: 1102:	  for (i = 0; i < 4; i++)
        -: 1103:	    {
    #####: 1104:	      drawCard(currentPlayer, state);
        -: 1105:	    }
        -: 1106:				
        -: 1107:	  //other players discard hand and redraw if hand size > 4
    #####: 1108:	  for (i = 0; i < state->numPlayers; i++)
        -: 1109:	    {
    #####: 1110:	      if (i != currentPlayer)
        -: 1111:		{
    #####: 1112:		  if ( state->handCount[i] > 4 )
        -: 1113:		    {
        -: 1114:		      //discard hand
    #####: 1115:		      while( state->handCount[i] > 0 )
        -: 1116:			{
    #####: 1117:			  discardCard(handPos, i, state, 0);
        -: 1118:			}
        -: 1119:							
        -: 1120:		      //draw 4
    #####: 1121:		      for (j = 0; j < 4; j++)
        -: 1122:			{
    #####: 1123:			  drawCard(i, state);
        -: 1124:			}
        -: 1125:		    }
        -: 1126:		}
        -: 1127:	    }
        -: 1128:				
        -: 1129:	}
       99: 1130:      return 0;
        -: 1131:		
        -: 1132:    case steward:
    #####: 1133:      if (choice1 == 1)
        -: 1134:	{
        -: 1135:	  //+2 cards
    #####: 1136:	  drawCard(currentPlayer, state);
    #####: 1137:	  drawCard(currentPlayer, state);
        -: 1138:	}
    #####: 1139:      else if (choice1 == 2)
        -: 1140:	{
        -: 1141:	  //+2 coins
    #####: 1142:	  state->coins = state->coins + 2;
        -: 1143:	}
        -: 1144:      else
        -: 1145:	{
        -: 1146:	  //trash 2 cards in hand
    #####: 1147:	  discardCard(choice2, currentPlayer, state, 1);
    #####: 1148:	  discardCard(choice3, currentPlayer, state, 1);
        -: 1149:	}
        -: 1150:			
        -: 1151:      //discard card from hand
    #####: 1152:      discardCard(handPos, currentPlayer, state, 0);
    #####: 1153:      return 0;
        -: 1154:
        -: 1155:    case tribute:
    #####: 1156:        return tributeEffect(currentPlayer, nextPlayer, state);
        -: 1157:		
        -: 1158:    case ambassador:
    #####: 1159:        return ambassadorEffect(choice1, choice2, handPos, currentPlayer, state);
        -: 1160:		
        -: 1161:    case cutpurse:
    #####: 1162:        return cutpurseEffect(currentPlayer, handPos, state);
        -: 1163:		
        -: 1164:    case embargo: 
        -: 1165:      //+2 Coins
    #####: 1166:      state->coins = state->coins + 2;
        -: 1167:			
        -: 1168:      //see if selected pile is in play
    #####: 1169:      if ( state->supplyCount[choice1] == -1 )
        -: 1170:	{
    #####: 1171:	  return -1;
        -: 1172:	}
        -: 1173:			
        -: 1174:      //add embargo token to selected supply pile
    #####: 1175:      state->embargoTokens[choice1]++;
        -: 1176:			
        -: 1177:      //trash card
    #####: 1178:      discardCard(handPos, currentPlayer, state, 1);		
    #####: 1179:      return 0;
        -: 1180:		
        -: 1181:    case outpost:
        -: 1182:      //set outpost flag
    #####: 1183:      state->outpostPlayed++;
        -: 1184:			
        -: 1185:      //discard card
    #####: 1186:      discardCard(handPos, currentPlayer, state, 0);
    #####: 1187:      return 0;
        -: 1188:		
        -: 1189:    case salvager:
        -: 1190:      //+1 buy
    #####: 1191:      state->numBuys++;
        -: 1192:			
    #####: 1193:      if (choice1)
        -: 1194:	{
        -: 1195:	  //gain coins equal to trashed card
    #####: 1196:	  state->coins = state->coins + getCost( handCard(choice1, state) );
        -: 1197:	  //trash card
    #####: 1198:	  discardCard(choice1, currentPlayer, state, 1);	
        -: 1199:	}
        -: 1200:			
        -: 1201:      //discard card
    #####: 1202:      discardCard(handPos, currentPlayer, state, 0);
    #####: 1203:      return 0;
        -: 1204:		
        -: 1205:    case sea_hag:
    #####: 1206:      for (i = 0; i < state->numPlayers; i++){
    #####: 1207:	if (i != currentPlayer){
    #####: 1208:	  state->discard[i][state->discardCount[i]] = state->deck[i][state->deckCount[i]--];			    state->deckCount[i]--;
    #####: 1209:	  state->discardCount[i]++;
    #####: 1210:	  state->deck[i][state->deckCount[i]--] = curse;//Top card now a curse
        -: 1211:	}
        -: 1212:      }
    #####: 1213:      return 0;
        -: 1214:		
        -: 1215:    case treasure_map:
        -: 1216:      //search hand for another treasure_map
    #####: 1217:      index = -1;
    #####: 1218:      for (i = 0; i < state->handCount[currentPlayer]; i++)
        -: 1219:	{
    #####: 1220:	  if (state->hand[currentPlayer][i] == treasure_map && i != handPos)
        -: 1221:	    {
    #####: 1222:	      index = i;
    #####: 1223:	      break;
        -: 1224:	    }
        -: 1225:	}
    #####: 1226:      if (index > -1)
        -: 1227:	{
        -: 1228:	  //trash both treasure cards
    #####: 1229:	  discardCard(handPos, currentPlayer, state, 1);
    #####: 1230:	  discardCard(index, currentPlayer, state, 1);
        -: 1231:
        -: 1232:	  //gain 4 Gold cards
    #####: 1233:	  for (i = 0; i < 4; i++)
        -: 1234:	    {
    #####: 1235:	      gainCard(gold, state, 1, currentPlayer);
        -: 1236:	    }
        -: 1237:				
        -: 1238:	  //return success
    #####: 1239:	  return 1;
        -: 1240:	}
        -: 1241:			
        -: 1242:      //no second treasure_map found in hand
    #####: 1243:      return -1;
        -: 1244:    }
        -: 1245:	
    #####: 1246:  return -1;
        -: 1247:}
        -: 1248:
       99: 1249:int discardCard(int handPos, int currentPlayer, struct gameState *state, int trashFlag)
        -: 1250:{
        -: 1251:	
        -: 1252:  //if card is not trashed, added to Played pile 
       99: 1253:  if (trashFlag < 1)
        -: 1254:    {
        -: 1255:      //add card to played pile
       99: 1256:      state->playedCards[state->playedCardCount] = state->hand[currentPlayer][handPos]; 
       99: 1257:      state->playedCardCount++;
        -: 1258:    }
        -: 1259:	
        -: 1260:  //set played card to -1
       99: 1261:  state->hand[currentPlayer][handPos] = -1;
        -: 1262:	
        -: 1263:  //remove card from player's hand
       99: 1264:  if ( handPos == (state->handCount[currentPlayer] - 1) ) 	//last card in hand array is played
        -: 1265:    {
        -: 1266:      //reduce number of cards in hand
    #####: 1267:      state->handCount[currentPlayer]--;
        -: 1268:    }
       99: 1269:  else if ( state->handCount[currentPlayer] == 1 ) //only one card in hand
        -: 1270:    {
        -: 1271:      //reduce number of cards in hand
    #####: 1272:      state->handCount[currentPlayer]--;
        -: 1273:    }
        -: 1274:  else 	
        -: 1275:    {
        -: 1276:      //replace discarded card with last card in hand
       99: 1277:      state->hand[currentPlayer][handPos] = state->hand[currentPlayer][ (state->handCount[currentPlayer] - 1)];
        -: 1278:      //set last card to -1
       99: 1279:      state->hand[currentPlayer][state->handCount[currentPlayer] - 1] = -1;
        -: 1280:      //reduce number of cards in hand
       99: 1281:      state->handCount[currentPlayer]--;
        -: 1282:    }
        -: 1283:	
       99: 1284:  return 0;
        -: 1285:}
        -: 1286:
    #####: 1287:int gainCard(int supplyPos, struct gameState *state, int toFlag, int player)
        -: 1288:{
        -: 1289:  //Note: supplyPos is enum of choosen card
        -: 1290:	
        -: 1291:  //check if supply pile is empty (0) or card is not used in game (-1)
    #####: 1292:  if ( supplyCount(supplyPos, state) < 1 )
        -: 1293:    {
    #####: 1294:      return -1;
        -: 1295:    }
        -: 1296:	
        -: 1297:  //added card for [whoseTurn] current player:
        -: 1298:  // toFlag = 0 : add to discard
        -: 1299:  // toFlag = 1 : add to deck
        -: 1300:  // toFlag = 2 : add to hand
        -: 1301:
    #####: 1302:  if (toFlag == 1)
        -: 1303:    {
    #####: 1304:      state->deck[ player ][ state->deckCount[player] ] = supplyPos;
    #####: 1305:      state->deckCount[player]++;
        -: 1306:    }
    #####: 1307:  else if (toFlag == 2)
        -: 1308:    {
    #####: 1309:      state->hand[ player ][ state->handCount[player] ] = supplyPos;
    #####: 1310:      state->handCount[player]++;
        -: 1311:    }
        -: 1312:  else
        -: 1313:    {
    #####: 1314:      state->discard[player][ state->discardCount[player] ] = supplyPos;
    #####: 1315:      state->discardCount[player]++;
        -: 1316:    }
        -: 1317:	
        -: 1318:  //decrease number in supply pile
    #####: 1319:  state->supplyCount[supplyPos]--;
        -: 1320:	 
    #####: 1321:  return 0;
        -: 1322:}
        -: 1323:
      199: 1324:int updateCoins(int player, struct gameState *state, int bonus)
        -: 1325:{
        -: 1326:  int i;
        -: 1327:	
        -: 1328:  //reset coin count
      199: 1329:  state->coins = 0;
        -: 1330:
        -: 1331:  //add coins for each Treasure card in player's hand
      199: 1332:  for (i = 0; i < state->handCount[player]; i++)
        -: 1333:    {
    #####: 1334:      if (state->hand[player][i] == copper)
        -: 1335:	{
    #####: 1336:	  state->coins += 1;
        -: 1337:	}
    #####: 1338:      else if (state->hand[player][i] == silver)
        -: 1339:	{
    #####: 1340:	  state->coins += 2;
        -: 1341:	}
    #####: 1342:      else if (state->hand[player][i] == gold)
        -: 1343:	{
    #####: 1344:	  state->coins += 3;
        -: 1345:	}	
        -: 1346:    }	
        -: 1347:
        -: 1348:  //add bonus
      199: 1349:  state->coins += bonus;
        -: 1350:
      199: 1351:  return 0;
        -: 1352:}
        -: 1353:
        -: 1354:
        -: 1355://end of dominion.c
        -: 1356:
